<?xml version="1.0" encoding="UTF-8"?>
<!-- Generated by org.testng.reporters.JUnitReportReporter -->
<testsuite hostname="LAPTOP-29D96K3K" failures="0" tests="1" name="amaz.Aamzone" time="2.785" errors="0" timestamp="2023-06-22T10:27:18 IST" skipped="0">
  <testcase classname="amaz.Aamzone" name="meeshos" time="2.785"/>
  <system-out/>
</testsuite> <!-- amaz.Aamzone -->
